# JRE version: OpenJDK Runtime Environment (8.0_76-b03) (build 1.8.0_76-release-b03)
# Java VM: OpenJDK 64-Bit Server VM (25.76-b03 mixed mode windows-amd64 compressed oops)
Heap:
 PSYoungGen      total 387072K, used 249856K [0x00000000e0000000, 0x0000000100000000, 0x0000000100000000)
  eden space 249856K, 100% used [0x00000000e0000000,0x00000000ef400000,0x00000000ef400000)
  from space 137216K, 0% used [0x00000000ef400000,0x00000000ef400000,0x00000000f7a00000)
  to   space 131584K, 0% used [0x00000000f7f80000,0x00000000f7f80000,0x0000000100000000)
 ParOldGen       total 422400K, used 420852K [0x00000000a0000000, 0x00000000b9c80000, 0x00000000e0000000)
  object space 422400K, 99% used [0x00000000a0000000,0x00000000b9afd048,0x00000000b9c80000)
 Metaspace       used 89126K, capacity 92524K, committed 92840K, reserved 1130496K
  class space    used 11091K, capacity 11787K, committed 11944K, reserved 1048576K
GC Heap History (10 events):
Event: 4109.865 GC heap after
Heap after GC invocations=59 (full 14):
 PSYoungGen      total 374272K, used 0K [0x00000000e0000000, 0x00000000fe800000, 0x0000000100000000)
  eden space 301056K, 0% used [0x00000000e0000000,0x00000000e0000000,0x00000000f2600000)
  from space 73216K, 0% used [0x00000000f7e80000,0x00000000f7e80000,0x00000000fc600000)
  to   space 90624K, 0% used [0x00000000f2600000,0x00000000f2600000,0x00000000f7e80000)
 ParOldGen       total 422400K, used 280026K [0x00000000a0000000, 0x00000000b9c80000, 0x00000000e0000000)
  object space 422400K, 66% used [0x00000000a0000000,0x00000000b1176ab8,0x00000000b9c80000)
 Metaspace       used 80612K, capacity 83852K, committed 84136K, reserved 1122304K
  class space    used 10116K, capacity 10763K, committed 10920K, reserved 1048576K
}
Event: 4448.272 GC heap before
{Heap before GC invocations=60 (full 14):
 PSYoungGen      total 374272K, used 301056K [0x00000000e0000000, 0x00000000fe800000, 0x0000000100000000)
  eden space 301056K, 100% used [0x00000000e0000000,0x00000000f2600000,0x00000000f2600000)
  from space 73216K, 0% used [0x00000000f7e80000,0x00000000f7e80000,0x00000000fc600000)
  to   space 90624K, 0% used [0x00000000f2600000,0x00000000f2600000,0x00000000f7e80000)
 ParOldGen       total 422400K, used 280026K [0x00000000a0000000, 0x00000000b9c80000, 0x00000000e0000000)
  object space 422400K, 66% used [0x00000000a0000000,0x00000000b1176ab8,0x00000000b9c80000)
 Metaspace       used 84779K, capacity 88176K, committed 88488K, reserved 1126400K
  class space    used 10602K, capacity 11273K, committed 11432K, reserved 1048576K
Event: 4448.424 GC heap after
Heap after GC invocations=60 (full 14):
 PSYoungGen      total 391680K, used 83864K [0x00000000e0000000, 0x0000000100000000, 0x0000000100000000)
  eden space 301056K, 0% used [0x00000000e0000000,0x00000000e0000000,0x00000000f2600000)
  from space 90624K, 92% used [0x00000000f2600000,0x00000000f77e6280,0x00000000f7e80000)
  to   space 104448K, 0% used [0x00000000f9a00000,0x00000000f9a00000,0x0000000100000000)
 ParOldGen       total 422400K, used 280034K [0x00000000a0000000, 0x00000000b9c80000, 0x00000000e0000000)
  object space 422400K, 66% used [0x00000000a0000000,0x00000000b1178ab8,0x00000000b9c80000)
 Metaspace       used 84779K, capacity 88176K, committed 88488K, reserved 1126400K
  class space    used 10602K, capacity 11273K, committed 11432K, reserved 1048576K
}
Event: 4452.313 GC heap before
{Heap before GC invocations=61 (full 14):
 PSYoungGen      total 391680K, used 384920K [0x00000000e0000000, 0x0000000100000000, 0x0000000100000000)
  eden space 301056K, 100% used [0x00000000e0000000,0x00000000f2600000,0x00000000f2600000)
  from space 90624K, 92% used [0x00000000f2600000,0x00000000f77e6280,0x00000000f7e80000)
  to   space 104448K, 0% used [0x00000000f9a00000,0x00000000f9a00000,0x0000000100000000)
 ParOldGen       total 422400K, used 280034K [0x00000000a0000000, 0x00000000b9c80000, 0x00000000e0000000)
  object space 422400K, 66% used [0x00000000a0000000,0x00000000b1178ab8,0x00000000b9c80000)
 Metaspace       used 85311K, capacity 88670K, committed 89000K, reserved 1126400K
  class space    used 10645K, capacity 11322K, committed 11432K, reserved 1048576K
Event: 4452.523 GC heap after
Heap after GC invocations=61 (full 14):
 PSYoungGen      total 354304K, used 104430K [0x00000000e0000000, 0x0000000100000000, 0x0000000100000000)
  eden space 249856K, 0% used [0x00000000e0000000,0x00000000e0000000,0x00000000ef400000)
  from space 104448K, 99% used [0x00000000f9a00000,0x00000000ffffbae8,0x0000000100000000)
  to   space 137216K, 0% used [0x00000000ef400000,0x00000000ef400000,0x00000000f7a00000)
 ParOldGen       total 422400K, used 318495K [0x00000000a0000000, 0x00000000b9c80000, 0x00000000e0000000)
  object space 422400K, 75% used [0x00000000a0000000,0x00000000b3707fd8,0x00000000b9c80000)
 Metaspace       used 85311K, capacity 88670K, committed 89000K, reserved 1126400K
  class space    used 10645K, capacity 11322K, committed 11432K, reserved 1048576K
}
Event: 4460.975 GC heap before
{Heap before GC invocations=62 (full 14):
 PSYoungGen      total 354304K, used 231557K [0x00000000e0000000, 0x0000000100000000, 0x0000000100000000)
  eden space 249856K, 50% used [0x00000000e0000000,0x00000000e7c25aa0,0x00000000ef400000)
  from space 104448K, 99% used [0x00000000f9a00000,0x00000000ffffbae8,0x0000000100000000)
  to   space 137216K, 0% used [0x00000000ef400000,0x00000000ef400000,0x00000000f7a00000)
 ParOldGen       total 422400K, used 318495K [0x00000000a0000000, 0x00000000b9c80000, 0x00000000e0000000)
  object space 422400K, 75% used [0x00000000a0000000,0x00000000b3707fd8,0x00000000b9c80000)
 Metaspace       used 89019K, capacity 92354K, committed 92584K, reserved 1130496K
  class space    used 11081K, capacity 11776K, committed 11944K, reserved 1048576K
Event: 4461.177 GC heap after
Heap after GC invocations=62 (full 14):
 PSYoungGen      total 387072K, used 26813K [0x00000000e0000000, 0x0000000100000000, 0x0000000100000000)
  eden space 249856K, 0% used [0x00000000e0000000,0x00000000e0000000,0x00000000ef400000)
  from space 137216K, 19% used [0x00000000ef400000,0x00000000f0e2f738,0x00000000f7a00000)
  to   space 131584K, 0% used [0x00000000f7f80000,0x00000000f7f80000,0x0000000100000000)
 ParOldGen       total 422400K, used 416324K [0x00000000a0000000, 0x00000000b9c80000, 0x00000000e0000000)
  object space 422400K, 98% used [0x00000000a0000000,0x00000000b9691310,0x00000000b9c80000)
 Metaspace       used 89019K, capacity 92354K, committed 92584K, reserved 1130496K
  class space    used 11081K, capacity 11776K, committed 11944K, reserved 1048576K
}
Event: 4461.177 GC heap before
{Heap before GC invocations=63 (full 15):
 PSYoungGen      total 387072K, used 26813K [0x00000000e0000000, 0x0000000100000000, 0x0000000100000000)
  eden space 249856K, 0% used [0x00000000e0000000,0x00000000e0000000,0x00000000ef400000)
  from space 137216K, 19% used [0x00000000ef400000,0x00000000f0e2f738,0x00000000f7a00000)
  to   space 131584K, 0% used [0x00000000f7f80000,0x00000000f7f80000,0x0000000100000000)
 ParOldGen       total 422400K, used 416324K [0x00000000a0000000, 0x00000000b9c80000, 0x00000000e0000000)
  object space 422400K, 98% used [0x00000000a0000000,0x00000000b9691310,0x00000000b9c80000)
 Metaspace       used 89019K, capacity 92354K, committed 92584K, reserved 1130496K
  class space    used 11081K, capacity 11776K, committed 11944K, reserved 1048576K
Event: 4464.408 GC heap after
Heap after GC invocations=63 (full 15):
 PSYoungGen      total 387072K, used 0K [0x00000000e0000000, 0x0000000100000000, 0x0000000100000000)
  eden space 249856K, 0% used [0x00000000e0000000,0x00000000e0000000,0x00000000ef400000)
  from space 137216K, 0% used [0x00000000ef400000,0x00000000ef400000,0x00000000f7a00000)
  to   space 131584K, 0% used [0x00000000f7f80000,0x00000000f7f80000,0x0000000100000000)
 ParOldGen       total 422400K, used 420852K [0x00000000a0000000, 0x00000000b9c80000, 0x00000000e0000000)
  object space 422400K, 99% used [0x00000000a0000000,0x00000000b9afd048,0x00000000b9c80000)
 Metaspace       used 89019K, capacity 92354K, committed 92584K, reserved 1130496K
  class space    used 11081K, capacity 11776K, committed 11944K, reserved 1048576K
}
Event: 10604.997 GC heap before
{Heap before GC invocations=64 (full 16):
 PSYoungGen      total 387072K, used 249856K [0x00000000e0000000, 0x0000000100000000, 0x0000000100000000)
  eden space 249856K, 100% used [0x00000000e0000000,0x00000000ef400000,0x00000000ef400000)
  from space 137216K, 0% used [0x00000000ef400000,0x00000000ef400000,0x00000000f7a00000)
  to   space 131584K, 0% used [0x00000000f7f80000,0x00000000f7f80000,0x0000000100000000)
 ParOldGen       total 422400K, used 420852K [0x00000000a0000000, 0x00000000b9c80000, 0x00000000e0000000)
  object space 422400K, 99% used [0x00000000a0000000,0x00000000b9afd048,0x00000000b9c80000)
 Metaspace       used 89126K, capacity 92524K, committed 92840K, reserved 1130496K
  class space    used 11091K, capacity 11787K, committed 11944K, reserved 1048576K

